[debug] [2025-10-18T09:06:04.587Z] Checked if tokens are valid: false, expires at: 1760708080229
[debug] [2025-10-18T09:06:04.589Z] Checked if tokens are valid: false, expires at: 1760708080229
[debug] [2025-10-18T09:06:04.589Z] > refreshing access token with scopes: []
[debug] [2025-10-18T09:06:04.590Z] >>> [apiv2][query] POST https://www.googleapis.com/oauth2/v3/token [none]
[debug] [2025-10-18T09:06:04.590Z] >>> [apiv2][body] POST https://www.googleapis.com/oauth2/v3/token [omitted]
[debug] [2025-10-18T09:06:04.603Z] Checked if tokens are valid: false, expires at: 1760708080229
[debug] [2025-10-18T09:06:04.603Z] Checked if tokens are valid: false, expires at: 1760708080229
[debug] [2025-10-18T09:06:04.603Z] > refreshing access token with scopes: []
[debug] [2025-10-18T09:06:04.603Z] >>> [apiv2][query] POST https://www.googleapis.com/oauth2/v3/token [none]
[debug] [2025-10-18T09:06:04.603Z] >>> [apiv2][body] POST https://www.googleapis.com/oauth2/v3/token [omitted]
[debug] [2025-10-18T09:06:04.604Z] Checked if tokens are valid: false, expires at: 1760708080229
[debug] [2025-10-18T09:06:04.604Z] Checked if tokens are valid: false, expires at: 1760708080229
[debug] [2025-10-18T09:06:04.604Z] > refreshing access token with scopes: []
[debug] [2025-10-18T09:06:04.604Z] >>> [apiv2][query] POST https://www.googleapis.com/oauth2/v3/token [none]
[debug] [2025-10-18T09:06:04.605Z] >>> [apiv2][body] POST https://www.googleapis.com/oauth2/v3/token [omitted]
[debug] [2025-10-18T09:06:04.605Z] Checked if tokens are valid: false, expires at: 1760708080229
[debug] [2025-10-18T09:06:04.605Z] Checked if tokens are valid: false, expires at: 1760708080229
[debug] [2025-10-18T09:06:04.605Z] > refreshing access token with scopes: []
[debug] [2025-10-18T09:06:04.605Z] >>> [apiv2][query] POST https://www.googleapis.com/oauth2/v3/token [none]
[debug] [2025-10-18T09:06:04.605Z] >>> [apiv2][body] POST https://www.googleapis.com/oauth2/v3/token [omitted]
[debug] [2025-10-18T09:06:04.606Z] Checked if tokens are valid: false, expires at: 1760708080229
[debug] [2025-10-18T09:06:04.606Z] Checked if tokens are valid: false, expires at: 1760708080229
[debug] [2025-10-18T09:06:04.606Z] > refreshing access token with scopes: []
[debug] [2025-10-18T09:06:04.606Z] >>> [apiv2][query] POST https://www.googleapis.com/oauth2/v3/token [none]
[debug] [2025-10-18T09:06:04.606Z] >>> [apiv2][body] POST https://www.googleapis.com/oauth2/v3/token [omitted]
[debug] [2025-10-18T09:06:04.614Z] Checked if tokens are valid: false, expires at: 1760708080229
[debug] [2025-10-18T09:06:04.614Z] Checked if tokens are valid: false, expires at: 1760708080229
[debug] [2025-10-18T09:06:04.614Z] > refreshing access token with scopes: []
[debug] [2025-10-18T09:06:04.614Z] >>> [apiv2][query] POST https://www.googleapis.com/oauth2/v3/token [none]
[debug] [2025-10-18T09:06:04.614Z] >>> [apiv2][body] POST https://www.googleapis.com/oauth2/v3/token [omitted]
[debug] [2025-10-18T09:06:04.615Z] Checked if tokens are valid: false, expires at: 1760708080229
[debug] [2025-10-18T09:06:04.615Z] Checked if tokens are valid: false, expires at: 1760708080229
[debug] [2025-10-18T09:06:04.615Z] > refreshing access token with scopes: []
[debug] [2025-10-18T09:06:04.615Z] >>> [apiv2][query] POST https://www.googleapis.com/oauth2/v3/token [none]
[debug] [2025-10-18T09:06:04.615Z] >>> [apiv2][body] POST https://www.googleapis.com/oauth2/v3/token [omitted]
[debug] [2025-10-18T09:06:04.615Z] Checked if tokens are valid: false, expires at: 1760708080229
[debug] [2025-10-18T09:06:04.615Z] Checked if tokens are valid: false, expires at: 1760708080229
[debug] [2025-10-18T09:06:04.615Z] > refreshing access token with scopes: []
[debug] [2025-10-18T09:06:04.616Z] >>> [apiv2][query] POST https://www.googleapis.com/oauth2/v3/token [none]
[debug] [2025-10-18T09:06:04.616Z] >>> [apiv2][body] POST https://www.googleapis.com/oauth2/v3/token [omitted]
[debug] [2025-10-18T09:06:04.617Z] Checked if tokens are valid: false, expires at: 1760708080229
[debug] [2025-10-18T09:06:04.617Z] Checked if tokens are valid: false, expires at: 1760708080229
[debug] [2025-10-18T09:06:04.617Z] > refreshing access token with scopes: []
[debug] [2025-10-18T09:06:04.617Z] >>> [apiv2][query] POST https://www.googleapis.com/oauth2/v3/token [none]
[debug] [2025-10-18T09:06:04.617Z] >>> [apiv2][body] POST https://www.googleapis.com/oauth2/v3/token [omitted]
[debug] [2025-10-18T09:06:04.618Z] Checked if tokens are valid: false, expires at: 1760708080229
[debug] [2025-10-18T09:06:04.618Z] Checked if tokens are valid: false, expires at: 1760708080229
[debug] [2025-10-18T09:06:04.618Z] > refreshing access token with scopes: []
[debug] [2025-10-18T09:06:04.618Z] >>> [apiv2][query] POST https://www.googleapis.com/oauth2/v3/token [none]
[debug] [2025-10-18T09:06:04.618Z] >>> [apiv2][body] POST https://www.googleapis.com/oauth2/v3/token [omitted]
[debug] [2025-10-18T09:06:04.752Z] <<< [apiv2][status] POST https://www.googleapis.com/oauth2/v3/token 200
[debug] [2025-10-18T09:06:04.752Z] <<< [apiv2][body] POST https://www.googleapis.com/oauth2/v3/token [omitted]
[debug] [2025-10-18T09:06:04.772Z] >>> [apiv2][query] GET https://serviceusage.googleapis.com/v1/projects/devjoy-f4bd7/services/firebaseio.com [none]
[debug] [2025-10-18T09:06:04.772Z] >>> [apiv2][(partial)header] GET https://serviceusage.googleapis.com/v1/projects/devjoy-f4bd7/services/firebaseio.com x-goog-quota-user=projects/devjoy-f4bd7
[debug] [2025-10-18T09:06:04.778Z] <<< [apiv2][status] POST https://www.googleapis.com/oauth2/v3/token 200
[debug] [2025-10-18T09:06:04.778Z] <<< [apiv2][body] POST https://www.googleapis.com/oauth2/v3/token [omitted]
[debug] [2025-10-18T09:06:04.793Z] >>> [apiv2][query] GET https://serviceusage.googleapis.com/v1/projects/devjoy-f4bd7/services/firebasecrashlytics.googleapis.com [none]
[debug] [2025-10-18T09:06:04.793Z] >>> [apiv2][(partial)header] GET https://serviceusage.googleapis.com/v1/projects/devjoy-f4bd7/services/firebasecrashlytics.googleapis.com x-goog-quota-user=projects/devjoy-f4bd7
[debug] [2025-10-18T09:06:04.794Z] <<< [apiv2][status] POST https://www.googleapis.com/oauth2/v3/token 200
[debug] [2025-10-18T09:06:04.794Z] <<< [apiv2][body] POST https://www.googleapis.com/oauth2/v3/token [omitted]
[debug] [2025-10-18T09:06:04.804Z] >>> [apiv2][query] GET https://serviceusage.googleapis.com/v1/projects/devjoy-f4bd7/services/firebasecrashlytics.googleapis.com [none]
[debug] [2025-10-18T09:06:04.804Z] >>> [apiv2][(partial)header] GET https://serviceusage.googleapis.com/v1/projects/devjoy-f4bd7/services/firebasecrashlytics.googleapis.com x-goog-quota-user=projects/devjoy-f4bd7
[debug] [2025-10-18T09:06:04.805Z] <<< [apiv2][status] POST https://www.googleapis.com/oauth2/v3/token 200
[debug] [2025-10-18T09:06:04.805Z] <<< [apiv2][body] POST https://www.googleapis.com/oauth2/v3/token [omitted]
[debug] [2025-10-18T09:06:04.814Z] >>> [apiv2][query] GET https://serviceusage.googleapis.com/v1/projects/devjoy-f4bd7/services/ [none]
[debug] [2025-10-18T09:06:04.814Z] >>> [apiv2][(partial)header] GET https://serviceusage.googleapis.com/v1/projects/devjoy-f4bd7/services/ x-goog-quota-user=projects/devjoy-f4bd7
[debug] [2025-10-18T09:06:04.815Z] <<< [apiv2][status] POST https://www.googleapis.com/oauth2/v3/token 200
[debug] [2025-10-18T09:06:04.815Z] <<< [apiv2][body] POST https://www.googleapis.com/oauth2/v3/token [omitted]
[debug] [2025-10-18T09:06:04.825Z] >>> [apiv2][query] GET https://serviceusage.googleapis.com/v1/projects/devjoy-f4bd7/services/firebaseapphosting.googleapis.com [none]
[debug] [2025-10-18T09:06:04.826Z] >>> [apiv2][(partial)header] GET https://serviceusage.googleapis.com/v1/projects/devjoy-f4bd7/services/firebaseapphosting.googleapis.com x-goog-quota-user=projects/devjoy-f4bd7
[debug] [2025-10-18T09:06:04.826Z] <<< [apiv2][status] POST https://www.googleapis.com/oauth2/v3/token 200
[debug] [2025-10-18T09:06:04.826Z] <<< [apiv2][body] POST https://www.googleapis.com/oauth2/v3/token [omitted]
[debug] [2025-10-18T09:06:04.836Z] >>> [apiv2][query] GET https://serviceusage.googleapis.com/v1/projects/devjoy-f4bd7/services/ [none]
[debug] [2025-10-18T09:06:04.836Z] >>> [apiv2][(partial)header] GET https://serviceusage.googleapis.com/v1/projects/devjoy-f4bd7/services/ x-goog-quota-user=projects/devjoy-f4bd7
[debug] [2025-10-18T09:06:04.838Z] <<< [apiv2][status] POST https://www.googleapis.com/oauth2/v3/token 200
[debug] [2025-10-18T09:06:04.838Z] <<< [apiv2][body] POST https://www.googleapis.com/oauth2/v3/token [omitted]
[debug] [2025-10-18T09:06:04.847Z] >>> [apiv2][query] GET https://serviceusage.googleapis.com/v1/projects/devjoy-f4bd7/services/firebasedataconnect.googleapis.com [none]
[debug] [2025-10-18T09:06:04.847Z] >>> [apiv2][(partial)header] GET https://serviceusage.googleapis.com/v1/projects/devjoy-f4bd7/services/firebasedataconnect.googleapis.com x-goog-quota-user=projects/devjoy-f4bd7
[debug] [2025-10-18T09:06:04.850Z] <<< [apiv2][status] POST https://www.googleapis.com/oauth2/v3/token 200
[debug] [2025-10-18T09:06:04.850Z] <<< [apiv2][body] POST https://www.googleapis.com/oauth2/v3/token [omitted]
[debug] [2025-10-18T09:06:04.861Z] >>> [apiv2][query] GET https://serviceusage.googleapis.com/v1/projects/devjoy-f4bd7/services/firebasedataconnect.googleapis.com [none]
[debug] [2025-10-18T09:06:04.861Z] >>> [apiv2][(partial)header] GET https://serviceusage.googleapis.com/v1/projects/devjoy-f4bd7/services/firebasedataconnect.googleapis.com x-goog-quota-user=projects/devjoy-f4bd7
[debug] [2025-10-18T09:06:04.864Z] <<< [apiv2][status] POST https://www.googleapis.com/oauth2/v3/token 200
[debug] [2025-10-18T09:06:04.864Z] <<< [apiv2][body] POST https://www.googleapis.com/oauth2/v3/token [omitted]
[debug] [2025-10-18T09:06:04.875Z] >>> [apiv2][query] GET https://serviceusage.googleapis.com/v1/projects/devjoy-f4bd7/services/firebaseapphosting.googleapis.com [none]
[debug] [2025-10-18T09:06:04.875Z] >>> [apiv2][(partial)header] GET https://serviceusage.googleapis.com/v1/projects/devjoy-f4bd7/services/firebaseapphosting.googleapis.com x-goog-quota-user=projects/devjoy-f4bd7
[debug] [2025-10-18T09:06:04.878Z] <<< [apiv2][status] POST https://www.googleapis.com/oauth2/v3/token 200
[debug] [2025-10-18T09:06:04.878Z] <<< [apiv2][body] POST https://www.googleapis.com/oauth2/v3/token [omitted]
[debug] [2025-10-18T09:06:04.888Z] >>> [apiv2][query] GET https://serviceusage.googleapis.com/v1/projects/devjoy-f4bd7/services/firebaseio.com [none]
[debug] [2025-10-18T09:06:04.889Z] >>> [apiv2][(partial)header] GET https://serviceusage.googleapis.com/v1/projects/devjoy-f4bd7/services/firebaseio.com x-goog-quota-user=projects/devjoy-f4bd7
[debug] [2025-10-18T09:06:05.661Z] <<< [apiv2][status] GET https://serviceusage.googleapis.com/v1/projects/devjoy-f4bd7/services/firebaseio.com 403
[debug] [2025-10-18T09:06:05.662Z] <<< [apiv2][body] GET https://serviceusage.googleapis.com/v1/projects/devjoy-f4bd7/services/firebaseio.com [omitted]
[debug] [2025-10-18T09:06:05.811Z] <<< [apiv2][status] GET https://serviceusage.googleapis.com/v1/projects/devjoy-f4bd7/services/firebaseapphosting.googleapis.com 200
[debug] [2025-10-18T09:06:05.812Z] <<< [apiv2][body] GET https://serviceusage.googleapis.com/v1/projects/devjoy-f4bd7/services/firebaseapphosting.googleapis.com [omitted]
[debug] [2025-10-18T09:06:05.812Z] <<< [apiv2][status] GET https://serviceusage.googleapis.com/v1/projects/devjoy-f4bd7/services/firebasecrashlytics.googleapis.com 200
[debug] [2025-10-18T09:06:05.812Z] <<< [apiv2][body] GET https://serviceusage.googleapis.com/v1/projects/devjoy-f4bd7/services/firebasecrashlytics.googleapis.com [omitted]
[debug] [2025-10-18T09:06:06.091Z] <<< [apiv2][status] GET https://serviceusage.googleapis.com/v1/projects/devjoy-f4bd7/services/ 200
[debug] [2025-10-18T09:06:06.092Z] <<< [apiv2][body] GET https://serviceusage.googleapis.com/v1/projects/devjoy-f4bd7/services/ [omitted]
[debug] [2025-10-18T09:06:06.149Z] <<< [apiv2][status] GET https://serviceusage.googleapis.com/v1/projects/devjoy-f4bd7/services/firebasedataconnect.googleapis.com 200
[debug] [2025-10-18T09:06:06.150Z] <<< [apiv2][body] GET https://serviceusage.googleapis.com/v1/projects/devjoy-f4bd7/services/firebasedataconnect.googleapis.com [omitted]
[debug] [2025-10-18T09:06:06.439Z] <<< [apiv2][status] GET https://serviceusage.googleapis.com/v1/projects/devjoy-f4bd7/services/firebaseio.com 403
[debug] [2025-10-18T09:06:06.440Z] <<< [apiv2][body] GET https://serviceusage.googleapis.com/v1/projects/devjoy-f4bd7/services/firebaseio.com [omitted]
[debug] [2025-10-18T09:06:06.645Z] <<< [apiv2][status] GET https://serviceusage.googleapis.com/v1/projects/devjoy-f4bd7/services/firebasecrashlytics.googleapis.com 200
[debug] [2025-10-18T09:06:06.645Z] <<< [apiv2][body] GET https://serviceusage.googleapis.com/v1/projects/devjoy-f4bd7/services/firebasecrashlytics.googleapis.com [omitted]
[debug] [2025-10-18T09:06:06.645Z] <<< [apiv2][status] GET https://serviceusage.googleapis.com/v1/projects/devjoy-f4bd7/services/firebaseapphosting.googleapis.com 200
[debug] [2025-10-18T09:06:06.645Z] <<< [apiv2][body] GET https://serviceusage.googleapis.com/v1/projects/devjoy-f4bd7/services/firebaseapphosting.googleapis.com [omitted]
[debug] [2025-10-18T09:06:06.680Z] > command requires scopes: ["email","openid","https://www.googleapis.com/auth/cloudplatformprojects.readonly","https://www.googleapis.com/auth/firebase","https://www.googleapis.com/auth/cloud-platform"]
[debug] [2025-10-18T09:06:06.680Z] > authorizing via signed-in user (simonstrumse@gmail.com)
[debug] [2025-10-18T09:06:07.012Z] <<< [apiv2][status] GET https://serviceusage.googleapis.com/v1/projects/devjoy-f4bd7/services/firebasedataconnect.googleapis.com 200
[debug] [2025-10-18T09:06:07.012Z] <<< [apiv2][body] GET https://serviceusage.googleapis.com/v1/projects/devjoy-f4bd7/services/firebasedataconnect.googleapis.com [omitted]
[debug] [2025-10-18T09:06:07.128Z] <<< [apiv2][status] GET https://serviceusage.googleapis.com/v1/projects/devjoy-f4bd7/services/ 200
[debug] [2025-10-18T09:06:07.128Z] <<< [apiv2][body] GET https://serviceusage.googleapis.com/v1/projects/devjoy-f4bd7/services/ [omitted]
